Traceback (most recent call last):
  File "/home/harsha/anaconda3/bin/scrapy", line 6, in <module>
    sys.exit(scrapy.cmdline.execute())
  File "/home/harsha/anaconda3/lib/python3.6/site-packages/scrapy/cmdline.py", line 148, in execute
    cmd.crawler_process = CrawlerProcess(settings)
  File "/home/harsha/anaconda3/lib/python3.6/site-packages/scrapy/crawler.py", line 243, in __init__
    super(CrawlerProcess, self).__init__(settings)
  File "/home/harsha/anaconda3/lib/python3.6/site-packages/scrapy/crawler.py", line 134, in __init__
    self.spider_loader = _get_spider_loader(settings)
  File "/home/harsha/anaconda3/lib/python3.6/site-packages/scrapy/crawler.py", line 330, in _get_spider_loader
    return loader_cls.from_settings(settings.frozencopy())
  File "/home/harsha/anaconda3/lib/python3.6/site-packages/scrapy/spiderloader.py", line 61, in from_settings
    return cls(settings)
  File "/home/harsha/anaconda3/lib/python3.6/site-packages/scrapy/spiderloader.py", line 25, in __init__
    self._load_all_spiders()
  File "/home/harsha/anaconda3/lib/python3.6/site-packages/scrapy/spiderloader.py", line 47, in _load_all_spiders
    for module in walk_modules(name):
  File "/home/harsha/anaconda3/lib/python3.6/site-packages/scrapy/utils/misc.py", line 71, in walk_modules
    submod = import_module(fullpath)
  File "/home/harsha/anaconda3/lib/python3.6/importlib/__init__.py", line 126, in import_module
    return _bootstrap._gcd_import(name[level:], package, level)
  File "<frozen importlib._bootstrap>", line 994, in _gcd_import
  File "<frozen importlib._bootstrap>", line 971, in _find_and_load
  File "<frozen importlib._bootstrap>", line 955, in _find_and_load_unlocked
  File "<frozen importlib._bootstrap>", line 665, in _load_unlocked
  File "<frozen importlib._bootstrap_external>", line 674, in exec_module
  File "<frozen importlib._bootstrap_external>", line 781, in get_code
  File "<frozen importlib._bootstrap_external>", line 741, in source_to_code
  File "<frozen importlib._bootstrap>", line 219, in _call_with_frames_removed
  File "/home/harsha/Documents/projects/pinalpha/pinalpha_mvp/oneDayer/onedayer/onedayer/spiders/dailyscraper.py", line 15
    allowed_domains = ['localhost:8000']
                                       ^
TabError: inconsistent use of tabs and spaces in indentation
2018-12-13 12:47:47 [scrapy.utils.log] INFO: Scrapy 1.4.0 started (bot: onedayer)
2018-12-13 12:47:47 [scrapy.utils.log] INFO: Overridden settings: {'BOT_NAME': 'onedayer', 'NEWSPIDER_MODULE': 'onedayer.spiders', 'ROBOTSTXT_OBEY': True, 'SPIDER_MODULES': ['onedayer.spiders']}
2018-12-13 12:47:47 [scrapy.middleware] INFO: Enabled extensions:
['scrapy.extensions.corestats.CoreStats',
 'scrapy.extensions.telnet.TelnetConsole',
 'scrapy.extensions.memusage.MemoryUsage',
 'scrapy.extensions.logstats.LogStats']
2018-12-13 12:47:47 [scrapy.middleware] INFO: Enabled downloader middlewares:
['scrapy.downloadermiddlewares.robotstxt.RobotsTxtMiddleware',
 'scrapy.downloadermiddlewares.httpauth.HttpAuthMiddleware',
 'scrapy.downloadermiddlewares.downloadtimeout.DownloadTimeoutMiddleware',
 'scrapy.downloadermiddlewares.defaultheaders.DefaultHeadersMiddleware',
 'scrapy.downloadermiddlewares.useragent.UserAgentMiddleware',
 'scrapy.downloadermiddlewares.retry.RetryMiddleware',
 'scrapy.downloadermiddlewares.redirect.MetaRefreshMiddleware',
 'scrapy.downloadermiddlewares.httpcompression.HttpCompressionMiddleware',
 'scrapy.downloadermiddlewares.redirect.RedirectMiddleware',
 'scrapy.downloadermiddlewares.cookies.CookiesMiddleware',
 'scrapy.downloadermiddlewares.httpproxy.HttpProxyMiddleware',
 'scrapy.downloadermiddlewares.stats.DownloaderStats']
2018-12-13 12:47:47 [scrapy.middleware] INFO: Enabled spider middlewares:
['scrapy.spidermiddlewares.httperror.HttpErrorMiddleware',
 'scrapy.spidermiddlewares.offsite.OffsiteMiddleware',
 'scrapy.spidermiddlewares.referer.RefererMiddleware',
 'scrapy.spidermiddlewares.urllength.UrlLengthMiddleware',
 'scrapy.spidermiddlewares.depth.DepthMiddleware']
2018-12-13 12:47:47 [scrapy.middleware] INFO: Enabled item pipelines:
[]
2018-12-13 12:47:47 [scrapy.core.engine] INFO: Spider opened
2018-12-13 12:47:47 [scrapy.extensions.logstats] INFO: Crawled 0 pages (at 0 pages/min), scraped 0 items (at 0 items/min)
2018-12-13 12:47:47 [scrapy.extensions.telnet] DEBUG: Telnet console listening on 127.0.0.1:6023
2018-12-13 12:47:47 [scrapy.core.engine] DEBUG: Crawled (403) <GET http://localhost:8000/robots.txt> (referer: None)
2018-12-13 12:47:52 [scrapy.core.engine] DEBUG: Crawled (200) <GET http://localhost:8000/news-insert-la?company=UOB&dateString=2018-12-13> (referer: None)
2018-12-13 12:47:52 [scrapy.core.engine] DEBUG: Crawled (200) <GET http://localhost:8000/news-insert-la?company=OCBC&dateString=2018-12-13> (referer: None)
2018-12-13 12:47:52 [scrapy.core.engine] DEBUG: Crawled (200) <GET http://localhost:8000/news-insert-la?company=Julius%20Baer&dateString=2018-12-13> (referer: None)
2018-12-13 12:47:52 [scrapy.core.scraper] ERROR: Spider error processing <GET http://localhost:8000/news-insert-la?company=UOB&dateString=2018-12-13> (referer: None)
Traceback (most recent call last):
  File "/home/harsha/anaconda3/lib/python3.6/site-packages/twisted/internet/defer.py", line 653, in _runCallbacks
    current.result = callback(current.result, *args, **kw)
  File "/home/harsha/anaconda3/lib/python3.6/site-packages/scrapy/spiders/__init__.py", line 90, in parse
    raise NotImplementedError
NotImplementedError
2018-12-13 12:47:52 [scrapy.core.scraper] ERROR: Spider error processing <GET http://localhost:8000/news-insert-la?company=OCBC&dateString=2018-12-13> (referer: None)
Traceback (most recent call last):
  File "/home/harsha/anaconda3/lib/python3.6/site-packages/twisted/internet/defer.py", line 653, in _runCallbacks
    current.result = callback(current.result, *args, **kw)
  File "/home/harsha/anaconda3/lib/python3.6/site-packages/scrapy/spiders/__init__.py", line 90, in parse
    raise NotImplementedError
NotImplementedError
2018-12-13 12:47:52 [scrapy.core.scraper] ERROR: Spider error processing <GET http://localhost:8000/news-insert-la?company=Julius%20Baer&dateString=2018-12-13> (referer: None)
Traceback (most recent call last):
  File "/home/harsha/anaconda3/lib/python3.6/site-packages/twisted/internet/defer.py", line 653, in _runCallbacks
    current.result = callback(current.result, *args, **kw)
  File "/home/harsha/anaconda3/lib/python3.6/site-packages/scrapy/spiders/__init__.py", line 90, in parse
    raise NotImplementedError
NotImplementedError
2018-12-13 12:48:06 [scrapy.core.engine] DEBUG: Crawled (200) <GET http://localhost:8000/news-insert-la?company=DBS&dateString=2018-12-13> (referer: None)
2018-12-13 12:48:06 [scrapy.core.scraper] ERROR: Spider error processing <GET http://localhost:8000/news-insert-la?company=DBS&dateString=2018-12-13> (referer: None)
Traceback (most recent call last):
  File "/home/harsha/anaconda3/lib/python3.6/site-packages/twisted/internet/defer.py", line 653, in _runCallbacks
    current.result = callback(current.result, *args, **kw)
  File "/home/harsha/anaconda3/lib/python3.6/site-packages/scrapy/spiders/__init__.py", line 90, in parse
    raise NotImplementedError
NotImplementedError
2018-12-13 12:48:14 [scrapy.core.engine] DEBUG: Crawled (200) <GET http://localhost:8000/news-insert-la?company=UBS&dateString=2018-12-13> (referer: None)
2018-12-13 12:48:14 [scrapy.core.scraper] ERROR: Spider error processing <GET http://localhost:8000/news-insert-la?company=UBS&dateString=2018-12-13> (referer: None)
Traceback (most recent call last):
  File "/home/harsha/anaconda3/lib/python3.6/site-packages/twisted/internet/defer.py", line 653, in _runCallbacks
    current.result = callback(current.result, *args, **kw)
  File "/home/harsha/anaconda3/lib/python3.6/site-packages/scrapy/spiders/__init__.py", line 90, in parse
    raise NotImplementedError
NotImplementedError
2018-12-13 12:48:27 [scrapy.core.engine] DEBUG: Crawled (200) <GET http://localhost:8000/news-insert-la?company=Credit%20Suisse&dateString=2018-12-13> (referer: None)
2018-12-13 12:48:27 [scrapy.core.scraper] ERROR: Spider error processing <GET http://localhost:8000/news-insert-la?company=Credit%20Suisse&dateString=2018-12-13> (referer: None)
Traceback (most recent call last):
  File "/home/harsha/anaconda3/lib/python3.6/site-packages/twisted/internet/defer.py", line 653, in _runCallbacks
    current.result = callback(current.result, *args, **kw)
  File "/home/harsha/anaconda3/lib/python3.6/site-packages/scrapy/spiders/__init__.py", line 90, in parse
    raise NotImplementedError
NotImplementedError
2018-12-13 12:48:27 [scrapy.core.engine] INFO: Closing spider (finished)
2018-12-13 12:48:27 [scrapy.statscollectors] INFO: Dumping Scrapy stats:
{'downloader/request_bytes': 1770,
 'downloader/request_count': 7,
 'downloader/request_method_count/GET': 7,
 'downloader/response_bytes': 1056,
 'downloader/response_count': 7,
 'downloader/response_status_count/200': 6,
 'downloader/response_status_count/403': 1,
 'finish_reason': 'finished',
 'finish_time': datetime.datetime(2018, 12, 13, 4, 48, 27, 363541),
 'log_count/DEBUG': 8,
 'log_count/ERROR': 6,
 'log_count/INFO': 7,
 'memusage/max': 50266112,
 'memusage/startup': 50266112,
 'response_received_count': 7,
 'scheduler/dequeued': 6,
 'scheduler/dequeued/memory': 6,
 'scheduler/enqueued': 6,
 'scheduler/enqueued/memory': 6,
 'spider_exceptions/NotImplementedError': 6,
 'start_time': datetime.datetime(2018, 12, 13, 4, 47, 47, 206680)}
2018-12-13 12:48:27 [scrapy.core.engine] INFO: Spider closed (finished)
